2023-03-29 22:00:31.330 [info] Added views:workbench.panel.markers.view in workbench.panel.markers
2023-03-29 22:00:31.330 [info] Added views:workbench.panel.output in workbench.panel.output
2023-03-29 22:00:31.330 [info] Added views:terminal in terminal
2023-03-29 22:00:31.330 [info] Added views:outline in workbench.view.explorer
2023-03-29 22:00:31.330 [info] Added views:workbench.scm in workbench.view.scm
2023-03-29 22:00:31.330 [info] Added views:workbench.view.search in workbench.view.search
2023-03-29 22:00:31.330 [info] Added views:timeline in workbench.view.explorer
2023-03-29 22:00:31.331 [info] Added views:workbench.explorer.fileView in workbench.view.explorer
2023-03-29 22:00:31.331 [info] Added views:workbench.explorer.openEditorsView in workbench.view.explorer
2023-03-29 22:00:33.732 [info] Added views:workbench.debug.welcome in workbench.view.debug
2023-03-29 22:00:37.827 [info] Added views:gitlens.views.home,gitlens.views.contributors in workbench.view.extension.gitlens
2023-03-29 22:00:37.833 [info] Added views:gitlens.views.commits,gitlens.views.commitDetails,gitlens.views.fileHistory,gitlens.views.branches,gitlens.views.remotes,gitlens.views.stashes,gitlens.views.tags,gitlens.views.searchAndCompare in workbench.view.scm
2023-03-29 22:00:37.837 [info] Added views:dockerContainers,dockerImages,dockerRegistries,dockerNetworks,dockerVolumes,vscode-docker.views.dockerContexts,vscode-docker.views.help in workbench.view.extension.dockerView
2023-03-29 22:00:37.840 [info] Added views:remoteTargets in workbench.view.remote
2023-03-29 22:00:43.880 [info] Added views:workbench.panel.repl.view in workbench.panel.repl
2023-03-29 22:01:02.505 [info] Removed views:gitlens.views.searchAndCompare,gitlens.views.tags,gitlens.views.stashes,gitlens.views.remotes,gitlens.views.branches,gitlens.views.fileHistory,gitlens.views.commitDetails,gitlens.views.commits from workbench.view.scm
2023-03-29 22:01:02.507 [info] Removed views:gitlens.views.contributors from workbench.view.extension.gitlens
2023-03-30 21:17:09.808 [info] Added views:workbench.panel.markers.view in workbench.panel.markers
2023-03-30 21:17:09.808 [info] Added views:workbench.panel.output in workbench.panel.output
2023-03-30 21:17:09.808 [info] Added views:terminal in terminal
2023-03-30 21:17:09.808 [info] Added views:outline in workbench.view.explorer
2023-03-30 21:17:09.808 [info] Added views:workbench.scm in workbench.view.scm
2023-03-30 21:17:09.808 [info] Added views:workbench.view.search in workbench.view.search
2023-03-30 21:17:09.808 [info] Added views:timeline in workbench.view.explorer
2023-03-30 21:17:09.808 [info] Added views:workbench.explorer.fileView in workbench.view.explorer
2023-03-30 21:17:09.808 [info] Added views:workbench.explorer.openEditorsView in workbench.view.explorer
2023-03-30 21:17:10.859 [info] Added views:gitlens.views.home,gitlens.views.contributors in workbench.view.extension.gitlens
2023-03-30 21:17:10.865 [info] Added views:gitlens.views.commits,gitlens.views.commitDetails,gitlens.views.fileHistory,gitlens.views.branches,gitlens.views.remotes,gitlens.views.stashes,gitlens.views.tags,gitlens.views.searchAndCompare in workbench.view.scm
2023-03-30 21:17:10.870 [info] Added views:dockerContainers,dockerImages,dockerRegistries,dockerNetworks,dockerVolumes,vscode-docker.views.dockerContexts,vscode-docker.views.help in workbench.view.extension.dockerView
2023-03-30 21:17:10.875 [info] Added views:remoteTargets in workbench.view.remote
2023-03-30 21:17:11.300 [info] Added views:workbench.debug.variablesView,workbench.debug.watchExpressionsView,workbench.debug.callStackView,workbench.debug.breakPointsView in workbench.view.debug
2023-03-30 21:17:12.115 [info] Added views:workbench.panel.repl.view in workbench.panel.repl
2023-03-30 21:17:12.212 [info] Removed views:workbench.debug.breakPointsView,workbench.debug.callStackView,workbench.debug.watchExpressionsView,workbench.debug.variablesView from workbench.view.debug
2023-03-30 21:17:12.212 [info] Added views:workbench.debug.welcome in workbench.view.debug
2023-03-30 21:17:15.257 [info] Added views:gitlens.views.timeline in workbench.view.extension.gitlensPanel
2023-03-30 21:17:15.261 [info] Added views:gitlens.views.worktrees in workbench.view.scm
2023-03-30 21:17:15.286 [info] Removed views:gitlens.views.searchAndCompare,gitlens.views.worktrees,gitlens.views.tags,gitlens.views.stashes,gitlens.views.remotes,gitlens.views.branches,gitlens.views.fileHistory,gitlens.views.commitDetails,gitlens.views.commits from workbench.view.scm
2023-03-30 21:17:15.287 [info] Removed views:gitlens.views.contributors from workbench.view.extension.gitlens
2023-03-30 21:17:15.288 [info] Removed views:gitlens.views.timeline from workbench.view.extension.gitlensPanel
2023-04-03 20:57:22.824 [info] Added views:workbench.panel.markers.view in workbench.panel.markers
2023-04-03 20:57:22.824 [info] Added views:workbench.panel.output in workbench.panel.output
2023-04-03 20:57:22.824 [info] Added views:terminal in terminal
2023-04-03 20:57:22.824 [info] Added views:outline in workbench.view.explorer
2023-04-03 20:57:22.824 [info] Added views:workbench.scm in workbench.view.scm
2023-04-03 20:57:22.824 [info] Added views:workbench.view.search in workbench.view.search
2023-04-03 20:57:22.824 [info] Added views:timeline in workbench.view.explorer
2023-04-03 20:57:22.824 [info] Added views:workbench.explorer.fileView in workbench.view.explorer
2023-04-03 20:57:22.824 [info] Added views:workbench.explorer.openEditorsView in workbench.view.explorer
2023-04-03 20:57:23.709 [info] Added views:gitlens.views.home,gitlens.views.contributors in workbench.view.extension.gitlens
2023-04-03 20:57:23.716 [info] Added views:gitlens.views.commits,gitlens.views.commitDetails,gitlens.views.fileHistory,gitlens.views.branches,gitlens.views.remotes,gitlens.views.stashes,gitlens.views.tags,gitlens.views.searchAndCompare in workbench.view.scm
2023-04-03 20:57:23.721 [info] Added views:dockerContainers,dockerImages,dockerRegistries,dockerNetworks,dockerVolumes,vscode-docker.views.dockerContexts,vscode-docker.views.help in workbench.view.extension.dockerView
2023-04-03 20:57:23.722 [info] Added views:remoteTargets in workbench.view.remote
2023-04-03 20:57:25.052 [info] Added views:workbench.debug.variablesView,workbench.debug.watchExpressionsView,workbench.debug.callStackView,workbench.debug.breakPointsView in workbench.view.debug
2023-04-03 20:57:25.258 [info] Added views:workbench.panel.repl.view in workbench.panel.repl
2023-04-03 20:57:25.289 [info] Removed views:workbench.debug.breakPointsView,workbench.debug.callStackView,workbench.debug.watchExpressionsView,workbench.debug.variablesView from workbench.view.debug
2023-04-03 20:57:25.290 [info] Added views:workbench.debug.welcome in workbench.view.debug
2023-04-03 20:57:28.340 [info] Added views:gitlens.views.timeline in workbench.view.extension.gitlensPanel
2023-04-03 20:57:28.347 [info] Added views:gitlens.views.worktrees in workbench.view.scm
2023-04-03 20:57:28.363 [info] Removed views:gitlens.views.searchAndCompare,gitlens.views.worktrees,gitlens.views.tags,gitlens.views.stashes,gitlens.views.remotes,gitlens.views.branches,gitlens.views.fileHistory,gitlens.views.commitDetails,gitlens.views.commits from workbench.view.scm
2023-04-03 20:57:28.364 [info] Removed views:gitlens.views.contributors from workbench.view.extension.gitlens
2023-04-03 20:57:28.365 [info] Removed views:gitlens.views.timeline from workbench.view.extension.gitlensPanel
2023-04-07 01:19:44.546 [info] Added views:workbench.panel.markers.view in workbench.panel.markers
2023-04-07 01:19:44.546 [info] Added views:workbench.panel.output in workbench.panel.output
2023-04-07 01:19:44.546 [info] Added views:terminal in terminal
2023-04-07 01:19:44.546 [info] Added views:outline in workbench.view.explorer
2023-04-07 01:19:44.546 [info] Added views:workbench.scm in workbench.view.scm
2023-04-07 01:19:44.546 [info] Added views:workbench.view.search in workbench.view.search
2023-04-07 01:19:44.546 [info] Added views:timeline in workbench.view.explorer
2023-04-07 01:19:44.546 [info] Added views:workbench.explorer.fileView in workbench.view.explorer
2023-04-07 01:19:44.547 [info] Added views:workbench.explorer.openEditorsView in workbench.view.explorer
2023-04-07 01:19:44.991 [info] Added views:workbench.debug.variablesView,workbench.debug.watchExpressionsView,workbench.debug.callStackView,workbench.debug.breakPointsView in workbench.view.debug
2023-04-07 01:19:46.305 [info] Added views:gitlens.views.home,gitlens.views.contributors in workbench.view.extension.gitlens
2023-04-07 01:19:46.310 [info] Added views:gitlens.views.commits,gitlens.views.commitDetails,gitlens.views.fileHistory,gitlens.views.branches,gitlens.views.remotes,gitlens.views.stashes,gitlens.views.tags,gitlens.views.searchAndCompare in workbench.view.scm
2023-04-07 01:19:46.315 [info] Added views:dockerContainers,dockerImages,dockerRegistries,dockerNetworks,dockerVolumes,vscode-docker.views.dockerContexts,vscode-docker.views.help in workbench.view.extension.dockerView
2023-04-07 01:19:46.317 [info] Added views:remoteTargets in workbench.view.remote
2023-04-07 01:19:47.683 [info] Added views:workbench.panel.repl.view in workbench.panel.repl
2023-04-07 01:19:47.706 [info] Removed views:workbench.debug.breakPointsView,workbench.debug.callStackView,workbench.debug.watchExpressionsView,workbench.debug.variablesView from workbench.view.debug
2023-04-07 01:19:47.713 [info] Added views:workbench.debug.welcome in workbench.view.debug
2023-04-07 01:19:50.812 [info] Added views:gitlens.views.timeline in workbench.view.extension.gitlensPanel
2023-04-07 01:19:50.818 [info] Added views:gitlens.views.worktrees in workbench.view.scm
2023-04-07 01:19:51.116 [info] Removed views:gitlens.views.searchAndCompare,gitlens.views.worktrees,gitlens.views.tags,gitlens.views.stashes,gitlens.views.remotes,gitlens.views.branches,gitlens.views.fileHistory,gitlens.views.commitDetails,gitlens.views.commits from workbench.view.scm
2023-04-07 01:19:51.120 [info] Removed views:gitlens.views.contributors from workbench.view.extension.gitlens
2023-04-07 01:19:51.133 [info] Removed views:gitlens.views.timeline from workbench.view.extension.gitlensPanel
2023-04-11 16:42:00.118 [info] Added views:workbench.panel.markers.view in workbench.panel.markers
2023-04-11 16:42:00.118 [info] Added views:workbench.panel.output in workbench.panel.output
2023-04-11 16:42:00.118 [info] Added views:terminal in terminal
2023-04-11 16:42:00.118 [info] Added views:outline in workbench.view.explorer
2023-04-11 16:42:00.118 [info] Added views:workbench.scm in workbench.view.scm
2023-04-11 16:42:00.118 [info] Added views:workbench.view.search in workbench.view.search
2023-04-11 16:42:00.118 [info] Added views:timeline in workbench.view.explorer
2023-04-11 16:42:00.118 [info] Added views:workbench.explorer.fileView in workbench.view.explorer
2023-04-11 16:42:00.118 [info] Added views:workbench.explorer.openEditorsView in workbench.view.explorer
2023-04-11 16:42:00.835 [info] Added views:workbench.debug.welcome in workbench.view.debug
2023-04-11 16:42:01.743 [info] Added views:gitlens.views.home,gitlens.views.contributors in workbench.view.extension.gitlens
2023-04-11 16:42:01.751 [info] Added views:gitlens.views.commits,gitlens.views.commitDetails,gitlens.views.fileHistory,gitlens.views.branches,gitlens.views.remotes,gitlens.views.stashes,gitlens.views.tags,gitlens.views.searchAndCompare in workbench.view.scm
2023-04-11 16:42:01.785 [info] Added views:dockerContainers,dockerImages,dockerRegistries,dockerNetworks,dockerVolumes,vscode-docker.views.dockerContexts,vscode-docker.views.help in workbench.view.extension.dockerView
2023-04-11 16:42:01.795 [info] Added views:remoteTargets in workbench.view.remote
2023-04-11 16:42:02.950 [info] Added views:workbench.panel.repl.view in workbench.panel.repl
2023-04-11 16:42:05.680 [info] Added views:gitlens.views.timeline in workbench.view.extension.gitlensPanel
2023-04-11 16:42:05.681 [info] Added views:gitlens.views.worktrees in workbench.view.scm
2023-04-11 16:42:06.854 [info] Removed views:gitlens.views.searchAndCompare,gitlens.views.worktrees,gitlens.views.tags,gitlens.views.stashes,gitlens.views.remotes,gitlens.views.branches,gitlens.views.fileHistory,gitlens.views.commitDetails,gitlens.views.commits from workbench.view.scm
2023-04-11 16:42:06.874 [info] Removed views:gitlens.views.contributors from workbench.view.extension.gitlens
2023-04-11 16:42:06.876 [info] Removed views:gitlens.views.timeline from workbench.view.extension.gitlensPanel
