2023-04-11 21:12:56.472 [info] Reading sessions from keychain...
2023-04-11 21:12:56.472 [info] Getting sessions for read:org,user:email...
2023-04-11 21:12:56.472 [info] Got 0 sessions for read:org,user:email...
2023-04-11 21:12:56.472 [info] Getting sessions for user:email...
2023-04-11 21:12:56.472 [info] Got 0 sessions for user:email...
2023-04-11 21:12:56.472 [info] Getting sessions for all scopes...
2023-04-11 21:12:56.472 [info] Got 0 sessions for ...
2023-04-11 21:12:56.644 [info] Getting sessions for all scopes...
2023-04-11 21:12:56.644 [info] Got 0 sessions for ...
2023-04-11 21:12:56.677 [info] Getting sessions for read:user...
2023-04-11 21:12:56.678 [info] Got 0 sessions for read:user...
2023-04-11 21:12:56.745 [info] Getting sessions for user:email...
2023-04-11 21:12:56.746 [info] Got 0 sessions for user:email...
2023-04-11 21:12:56.814 [info] Getting sessions for all scopes...
2023-04-11 21:12:56.814 [info] Got 0 sessions for ...
2023-04-11 21:15:49.657 [info] Reading sessions from keychain...
2023-04-11 21:15:49.657 [info] Getting sessions for read:user...
2023-04-11 21:15:49.657 [info] Got 0 sessions for read:user...
2023-04-11 21:15:49.657 [info] Getting sessions for user:email...
2023-04-11 21:15:49.657 [info] Got 0 sessions for user:email...
2023-04-11 21:15:50.501 [info] Getting sessions for read:org,user:email...
2023-04-11 21:15:50.501 [info] Got 0 sessions for read:org,user:email...
2023-04-11 21:15:50.692 [info] Getting sessions for all scopes...
2023-04-11 21:15:50.695 [info] Got 0 sessions for ...
2023-04-11 21:15:52.332 [info] Getting sessions for user:email...
2023-04-11 21:15:52.332 [info] Got 0 sessions for user:email...
2023-04-11 21:15:52.900 [info] Getting sessions for all scopes...
2023-04-11 21:15:52.901 [info] Got 0 sessions for ...
2023-04-11 21:16:16.126 [info] Reading sessions from keychain...
2023-04-11 21:16:16.126 [info] Getting sessions for read:user...
2023-04-11 21:16:16.126 [info] Got 0 sessions for read:user...
2023-04-11 21:16:16.126 [info] Getting sessions for user:email...
2023-04-11 21:16:16.126 [info] Got 0 sessions for user:email...
2023-04-11 21:16:16.698 [info] Getting sessions for read:org,user:email...
2023-04-11 21:16:16.698 [info] Got 0 sessions for read:org,user:email...
2023-04-11 21:16:16.722 [info] Getting sessions for all scopes...
2023-04-11 21:16:16.722 [info] Got 0 sessions for ...
2023-04-11 21:16:17.777 [info] Getting sessions for user:email...
2023-04-11 21:16:17.777 [info] Got 0 sessions for user:email...
2023-04-11 21:16:18.397 [info] Getting sessions for all scopes...
2023-04-11 21:16:18.397 [info] Got 0 sessions for ...
2023-04-11 21:16:44.915 [info] Reading sessions from keychain...
2023-04-11 21:16:44.915 [info] Getting sessions for read:org,user:email...
2023-04-11 21:16:44.915 [info] Got 0 sessions for read:org,user:email...
2023-04-11 21:16:44.915 [info] Getting sessions for read:user...
2023-04-11 21:16:44.915 [info] Got 0 sessions for read:user...
2023-04-11 21:16:44.915 [info] Getting sessions for all scopes...
2023-04-11 21:16:44.915 [info] Got 0 sessions for ...
2023-04-11 21:16:45.228 [info] Getting sessions for user:email...
2023-04-11 21:16:45.228 [info] Got 0 sessions for user:email...
2023-04-11 21:16:45.877 [info] Getting sessions for user:email...
2023-04-11 21:16:45.877 [info] Got 0 sessions for user:email...
2023-04-11 21:16:46.949 [info] Getting sessions for all scopes...
2023-04-11 21:16:46.949 [info] Got 0 sessions for ...
