2023-04-27 05:04:04.553 [info] Added views:workbench.panel.markers.view in workbench.panel.markers
2023-04-27 05:04:04.553 [info] Added views:workbench.panel.output in workbench.panel.output
2023-04-27 05:04:04.554 [info] Added views:terminal in terminal
2023-04-27 05:04:04.554 [info] Added views:outline in workbench.view.explorer
2023-04-27 05:04:04.554 [info] Added views:workbench.scm in workbench.view.scm
2023-04-27 05:04:04.554 [info] Added views:workbench.view.search in workbench.view.search
2023-04-27 05:04:04.554 [info] Added views:timeline in workbench.view.explorer
2023-04-27 05:04:04.554 [info] Added views:workbench.explorer.fileView in workbench.view.explorer
2023-04-27 05:04:04.554 [info] Added views:workbench.explorer.openEditorsView in workbench.view.explorer
2023-04-27 05:04:05.541 [info] Added views:gitlens.views.home,gitlens.views.contributors in workbench.view.extension.gitlens
2023-04-27 05:04:05.549 [info] Added views:gitlens.views.commits,gitlens.views.commitDetails,gitlens.views.fileHistory,gitlens.views.branches,gitlens.views.remotes,gitlens.views.stashes,gitlens.views.tags,gitlens.views.searchAndCompare in workbench.view.scm
2023-04-27 05:04:05.550 [info] Added views:dockerContainers,dockerImages,dockerRegistries,dockerNetworks,dockerVolumes,vscode-docker.views.dockerContexts,vscode-docker.views.help in workbench.view.extension.dockerView
2023-04-27 05:04:05.555 [info] Added views:remoteTargets in workbench.view.remote
2023-04-27 05:04:06.425 [info] Added views:workbench.debug.variablesView,workbench.debug.watchExpressionsView,workbench.debug.callStackView,workbench.debug.breakPointsView in workbench.view.debug
2023-04-27 05:04:06.517 [info] Added views:workbench.panel.repl.view in workbench.panel.repl
2023-04-27 05:04:06.522 [info] Removed views:workbench.debug.breakPointsView,workbench.debug.callStackView,workbench.debug.watchExpressionsView,workbench.debug.variablesView from workbench.view.debug
2023-04-27 05:04:06.531 [info] Added views:workbench.debug.welcome in workbench.view.debug
2023-04-27 05:04:09.869 [info] Added views:gitlens.views.timeline in workbench.view.extension.gitlensPanel
2023-04-27 05:04:09.877 [info] Added views:gitlens.views.worktrees in workbench.view.scm
2023-04-27 05:04:09.953 [info] Removed views:gitlens.views.searchAndCompare,gitlens.views.worktrees,gitlens.views.tags,gitlens.views.stashes,gitlens.views.remotes,gitlens.views.branches,gitlens.views.fileHistory,gitlens.views.commitDetails,gitlens.views.commits from workbench.view.scm
2023-04-27 05:04:09.954 [info] Removed views:gitlens.views.contributors from workbench.view.extension.gitlens
2023-04-27 05:04:09.957 [info] Removed views:gitlens.views.timeline from workbench.view.extension.gitlensPanel
