2023-03-26 00:19:25.859 [info] Added views:workbench.panel.markers.view in workbench.panel.markers
2023-03-26 00:19:25.860 [info] Added views:workbench.panel.output in workbench.panel.output
2023-03-26 00:19:25.860 [info] Added views:terminal in terminal
2023-03-26 00:19:25.860 [info] Added views:outline in workbench.view.explorer
2023-03-26 00:19:25.860 [info] Added views:workbench.scm in workbench.view.scm
2023-03-26 00:19:25.860 [info] Added views:workbench.view.search in workbench.view.search
2023-03-26 00:19:25.860 [info] Added views:timeline in workbench.view.explorer
2023-03-26 00:19:25.860 [info] Added views:workbench.explorer.fileView in workbench.view.explorer
2023-03-26 00:19:25.860 [info] Added views:workbench.explorer.openEditorsView in workbench.view.explorer
2023-03-26 00:19:26.745 [info] Added views:gitlens.views.home,gitlens.views.contributors in workbench.view.extension.gitlens
2023-03-26 00:19:26.774 [info] Added views:gitlens.views.commits,gitlens.views.commitDetails,gitlens.views.fileHistory,gitlens.views.branches,gitlens.views.remotes,gitlens.views.stashes,gitlens.views.tags,gitlens.views.searchAndCompare in workbench.view.scm
2023-03-26 00:19:26.775 [info] Added views:dockerContainers,dockerImages,dockerRegistries,dockerNetworks,dockerVolumes,vscode-docker.views.dockerContexts,vscode-docker.views.help in workbench.view.extension.dockerView
2023-03-26 00:19:26.775 [info] Added views:remoteTargets in workbench.view.remote
2023-03-26 00:19:27.732 [info] Added views:workbench.debug.welcome in workbench.view.debug
2023-03-26 00:19:27.820 [info] Added views:workbench.panel.repl.view in workbench.panel.repl
2023-03-26 00:19:30.242 [info] Removed views:gitlens.views.searchAndCompare,gitlens.views.tags,gitlens.views.stashes,gitlens.views.remotes,gitlens.views.branches,gitlens.views.fileHistory,gitlens.views.commitDetails,gitlens.views.commits from workbench.view.scm
2023-03-26 00:19:30.243 [info] Removed views:gitlens.views.contributors from workbench.view.extension.gitlens
2023-03-26 00:19:42.555 [info] Added views:workbench.panel.markers.view in workbench.panel.markers
2023-03-26 00:19:42.555 [info] Added views:workbench.panel.output in workbench.panel.output
2023-03-26 00:19:42.555 [info] Added views:terminal in terminal
2023-03-26 00:19:42.555 [info] Added views:outline in workbench.view.explorer
2023-03-26 00:19:42.555 [info] Added views:workbench.scm in workbench.view.scm
2023-03-26 00:19:42.555 [info] Added views:workbench.view.search in workbench.view.search
2023-03-26 00:19:42.556 [info] Added views:timeline in workbench.view.explorer
2023-03-26 00:19:42.556 [info] Added views:workbench.explorer.fileView in workbench.view.explorer
2023-03-26 00:19:42.556 [info] Added views:workbench.explorer.openEditorsView in workbench.view.explorer
2023-03-26 00:19:42.764 [info] Added views:workbench.debug.welcome in workbench.view.debug
2023-03-26 00:19:43.314 [info] Added views:gitlens.views.home,gitlens.views.contributors in workbench.view.extension.gitlens
2023-03-26 00:19:43.316 [info] Added views:gitlens.views.commits,gitlens.views.commitDetails,gitlens.views.fileHistory,gitlens.views.branches,gitlens.views.remotes,gitlens.views.stashes,gitlens.views.tags,gitlens.views.searchAndCompare in workbench.view.scm
2023-03-26 00:19:43.318 [info] Added views:dockerContainers,dockerImages,dockerRegistries,dockerNetworks,dockerVolumes,vscode-docker.views.dockerContexts,vscode-docker.views.help in workbench.view.extension.dockerView
2023-03-26 00:19:43.319 [info] Added views:remoteTargets in workbench.view.remote
2023-03-26 00:19:44.029 [info] Added views:workbench.panel.repl.view in workbench.panel.repl
2023-03-26 00:19:45.303 [info] Removed views:gitlens.views.searchAndCompare,gitlens.views.tags,gitlens.views.stashes,gitlens.views.remotes,gitlens.views.branches,gitlens.views.fileHistory,gitlens.views.commitDetails,gitlens.views.commits from workbench.view.scm
2023-03-26 00:19:45.303 [info] Removed views:gitlens.views.contributors from workbench.view.extension.gitlens
