2023-04-11 21:12:46.410 [info] Added views:workbench.panel.markers.view in workbench.panel.markers
2023-04-11 21:12:46.410 [info] Added views:workbench.panel.output in workbench.panel.output
2023-04-11 21:12:46.410 [info] Added views:terminal in terminal
2023-04-11 21:12:46.410 [info] Added views:outline in workbench.view.explorer
2023-04-11 21:12:46.410 [info] Added views:workbench.scm in workbench.view.scm
2023-04-11 21:12:46.410 [info] Added views:workbench.view.search in workbench.view.search
2023-04-11 21:12:46.410 [info] Added views:timeline in workbench.view.explorer
2023-04-11 21:12:46.410 [info] Added views:workbench.explorer.emptyView in workbench.view.explorer
2023-04-11 21:12:46.410 [info] Added views:workbench.explorer.openEditorsView in workbench.view.explorer
2023-04-11 21:12:47.428 [info] Added views:workbench.debug.variablesView,workbench.debug.watchExpressionsView,workbench.debug.callStackView,workbench.debug.breakPointsView in workbench.view.debug
2023-04-11 21:12:49.999 [info] Added views:gitlens.views.home,gitlens.views.contributors in workbench.view.extension.gitlens
2023-04-11 21:12:50.007 [info] Added views:gitlens.views.commits,gitlens.views.commitDetails,gitlens.views.fileHistory,gitlens.views.branches,gitlens.views.remotes,gitlens.views.stashes,gitlens.views.tags,gitlens.views.searchAndCompare in workbench.view.scm
2023-04-11 21:12:50.012 [info] Added views:dockerContainers,dockerImages,dockerRegistries,dockerNetworks,dockerVolumes,vscode-docker.views.dockerContexts,vscode-docker.views.help in workbench.view.extension.dockerView
2023-04-11 21:12:50.018 [info] Added views:remoteTargets in workbench.view.remote
2023-04-11 21:12:51.416 [info] Added views:workbench.panel.repl.view in workbench.panel.repl
2023-04-11 21:12:51.423 [info] Removed views:workbench.debug.breakPointsView,workbench.debug.callStackView,workbench.debug.watchExpressionsView,workbench.debug.variablesView from workbench.view.debug
2023-04-11 21:12:51.440 [info] Added views:workbench.debug.welcome in workbench.view.debug
2023-04-11 21:12:55.544 [info] Removed views:gitlens.views.searchAndCompare,gitlens.views.tags,gitlens.views.stashes,gitlens.views.remotes,gitlens.views.branches,gitlens.views.fileHistory,gitlens.views.commitDetails,gitlens.views.commits from workbench.view.scm
2023-04-11 21:12:55.551 [info] Removed views:gitlens.views.contributors from workbench.view.extension.gitlens
2023-04-11 21:15:37.915 [info] Added views:workbench.panel.markers.view in workbench.panel.markers
2023-04-11 21:15:37.915 [info] Added views:workbench.panel.output in workbench.panel.output
2023-04-11 21:15:37.915 [info] Added views:terminal in terminal
2023-04-11 21:15:37.915 [info] Added views:outline in workbench.view.explorer
2023-04-11 21:15:37.915 [info] Added views:workbench.scm in workbench.view.scm
2023-04-11 21:15:37.915 [info] Added views:workbench.view.search in workbench.view.search
2023-04-11 21:15:37.915 [info] Added views:timeline in workbench.view.explorer
2023-04-11 21:15:37.915 [info] Added views:workbench.explorer.fileView in workbench.view.explorer
2023-04-11 21:15:37.915 [info] Added views:workbench.explorer.openEditorsView in workbench.view.explorer
2023-04-11 21:15:38.594 [info] Added views:workbench.debug.welcome in workbench.view.debug
2023-04-11 21:15:40.334 [info] Added views:gitlens.views.home,gitlens.views.contributors in workbench.view.extension.gitlens
2023-04-11 21:15:40.342 [info] Added views:gitlens.views.commits,gitlens.views.commitDetails,gitlens.views.fileHistory,gitlens.views.branches,gitlens.views.remotes,gitlens.views.stashes,gitlens.views.tags,gitlens.views.searchAndCompare in workbench.view.scm
2023-04-11 21:15:40.348 [info] Added views:dockerContainers,dockerImages,dockerRegistries,dockerNetworks,dockerVolumes,vscode-docker.views.dockerContexts,vscode-docker.views.help in workbench.view.extension.dockerView
2023-04-11 21:15:40.351 [info] Added views:remoteTargets in workbench.view.remote
2023-04-11 21:15:41.875 [info] Added views:workbench.panel.repl.view in workbench.panel.repl
2023-04-11 21:15:47.620 [info] Added views:gitlens.views.timeline in workbench.view.extension.gitlensPanel
2023-04-11 21:15:47.629 [info] Added views:gitlens.views.worktrees in workbench.view.scm
2023-04-11 21:15:48.207 [info] Removed views:gitlens.views.searchAndCompare,gitlens.views.worktrees,gitlens.views.tags,gitlens.views.stashes,gitlens.views.remotes,gitlens.views.branches,gitlens.views.fileHistory,gitlens.views.commitDetails,gitlens.views.commits from workbench.view.scm
2023-04-11 21:15:48.210 [info] Removed views:gitlens.views.contributors from workbench.view.extension.gitlens
2023-04-11 21:15:48.214 [info] Removed views:gitlens.views.timeline from workbench.view.extension.gitlensPanel
2023-04-11 21:16:07.037 [info] Added views:workbench.panel.markers.view in workbench.panel.markers
2023-04-11 21:16:07.037 [info] Added views:workbench.panel.output in workbench.panel.output
2023-04-11 21:16:07.037 [info] Added views:terminal in terminal
2023-04-11 21:16:07.037 [info] Added views:outline in workbench.view.explorer
2023-04-11 21:16:07.037 [info] Added views:workbench.scm in workbench.view.scm
2023-04-11 21:16:07.037 [info] Added views:workbench.view.search in workbench.view.search
2023-04-11 21:16:07.037 [info] Added views:timeline in workbench.view.explorer
2023-04-11 21:16:07.037 [info] Added views:workbench.explorer.fileView in workbench.view.explorer
2023-04-11 21:16:07.037 [info] Added views:workbench.explorer.openEditorsView in workbench.view.explorer
2023-04-11 21:16:07.425 [info] Added views:workbench.debug.welcome in workbench.view.debug
2023-04-11 21:16:08.190 [info] Added views:gitlens.views.home,gitlens.views.contributors in workbench.view.extension.gitlens
2023-04-11 21:16:08.195 [info] Added views:gitlens.views.commits,gitlens.views.commitDetails,gitlens.views.fileHistory,gitlens.views.branches,gitlens.views.remotes,gitlens.views.stashes,gitlens.views.tags,gitlens.views.searchAndCompare in workbench.view.scm
2023-04-11 21:16:08.201 [info] Added views:dockerContainers,dockerImages,dockerRegistries,dockerNetworks,dockerVolumes,vscode-docker.views.dockerContexts,vscode-docker.views.help in workbench.view.extension.dockerView
2023-04-11 21:16:08.226 [info] Added views:remoteTargets in workbench.view.remote
2023-04-11 21:16:10.675 [info] Added views:workbench.panel.repl.view in workbench.panel.repl
2023-04-11 21:16:15.564 [info] Added views:gitlens.views.timeline in workbench.view.extension.gitlensPanel
2023-04-11 21:16:15.583 [info] Added views:gitlens.views.worktrees in workbench.view.scm
2023-04-11 21:16:15.928 [info] Removed views:gitlens.views.searchAndCompare,gitlens.views.worktrees,gitlens.views.tags,gitlens.views.stashes,gitlens.views.remotes,gitlens.views.branches,gitlens.views.fileHistory,gitlens.views.commitDetails,gitlens.views.commits from workbench.view.scm
2023-04-11 21:16:15.930 [info] Removed views:gitlens.views.contributors from workbench.view.extension.gitlens
2023-04-11 21:16:15.933 [info] Removed views:gitlens.views.timeline from workbench.view.extension.gitlensPanel
2023-04-11 21:16:36.518 [info] Added views:workbench.panel.markers.view in workbench.panel.markers
2023-04-11 21:16:36.519 [info] Added views:workbench.panel.output in workbench.panel.output
2023-04-11 21:16:36.519 [info] Added views:terminal in terminal
2023-04-11 21:16:36.519 [info] Added views:outline in workbench.view.explorer
2023-04-11 21:16:36.519 [info] Added views:workbench.scm in workbench.view.scm
2023-04-11 21:16:36.519 [info] Added views:workbench.view.search in workbench.view.search
2023-04-11 21:16:36.519 [info] Added views:timeline in workbench.view.explorer
2023-04-11 21:16:36.519 [info] Added views:workbench.explorer.fileView in workbench.view.explorer
2023-04-11 21:16:36.519 [info] Added views:workbench.explorer.openEditorsView in workbench.view.explorer
2023-04-11 21:16:36.822 [info] Added views:workbench.debug.welcome in workbench.view.debug
2023-04-11 21:16:37.668 [info] Added views:gitlens.views.home,gitlens.views.contributors in workbench.view.extension.gitlens
2023-04-11 21:16:37.675 [info] Added views:gitlens.views.commits,gitlens.views.commitDetails,gitlens.views.fileHistory,gitlens.views.branches,gitlens.views.remotes,gitlens.views.stashes,gitlens.views.tags,gitlens.views.searchAndCompare in workbench.view.scm
2023-04-11 21:16:37.678 [info] Added views:dockerContainers,dockerImages,dockerRegistries,dockerNetworks,dockerVolumes,vscode-docker.views.dockerContexts,vscode-docker.views.help in workbench.view.extension.dockerView
2023-04-11 21:16:37.679 [info] Added views:remoteTargets in workbench.view.remote
2023-04-11 21:16:39.185 [info] Added views:workbench.panel.repl.view in workbench.panel.repl
2023-04-11 21:16:44.027 [info] Added views:gitlens.views.timeline in workbench.view.extension.gitlensPanel
2023-04-11 21:16:44.033 [info] Added views:gitlens.views.worktrees in workbench.view.scm
2023-04-11 21:16:45.199 [info] Removed views:gitlens.views.searchAndCompare,gitlens.views.worktrees,gitlens.views.tags,gitlens.views.stashes,gitlens.views.remotes,gitlens.views.branches,gitlens.views.fileHistory,gitlens.views.commitDetails,gitlens.views.commits from workbench.view.scm
2023-04-11 21:16:45.206 [info] Removed views:gitlens.views.contributors from workbench.view.extension.gitlens
2023-04-11 21:16:45.207 [info] Removed views:gitlens.views.timeline from workbench.view.extension.gitlensPanel
