2023-04-27 05:09:08.483 [info] Added views:workbench.panel.markers.view in workbench.panel.markers
2023-04-27 05:09:08.485 [info] Added views:workbench.panel.output in workbench.panel.output
2023-04-27 05:09:08.485 [info] Added views:terminal in terminal
2023-04-27 05:09:08.485 [info] Added views:outline in workbench.view.explorer
2023-04-27 05:09:08.485 [info] Added views:workbench.scm in workbench.view.scm
2023-04-27 05:09:08.485 [info] Added views:workbench.view.search in workbench.view.search
2023-04-27 05:09:08.485 [info] Added views:timeline in workbench.view.explorer
2023-04-27 05:09:08.485 [info] Added views:workbench.explorer.fileView in workbench.view.explorer
2023-04-27 05:09:08.485 [info] Added views:workbench.explorer.openEditorsView in workbench.view.explorer
2023-04-27 05:09:09.502 [info] Added views:gitlens.views.home,gitlens.views.contributors in workbench.view.extension.gitlens
2023-04-27 05:09:09.506 [info] Added views:gitlens.views.commits,gitlens.views.commitDetails,gitlens.views.fileHistory,gitlens.views.branches,gitlens.views.remotes,gitlens.views.stashes,gitlens.views.tags,gitlens.views.searchAndCompare in workbench.view.scm
2023-04-27 05:09:09.509 [info] Added views:dockerContainers,dockerImages,dockerRegistries,dockerNetworks,dockerVolumes,vscode-docker.views.dockerContexts,vscode-docker.views.help in workbench.view.extension.dockerView
2023-04-27 05:09:09.511 [info] Added views:remoteTargets in workbench.view.remote
2023-04-27 05:09:10.432 [info] Added views:workbench.debug.variablesView,workbench.debug.watchExpressionsView,workbench.debug.callStackView,workbench.debug.breakPointsView in workbench.view.debug
2023-04-27 05:09:10.589 [info] Added views:workbench.panel.repl.view in workbench.panel.repl
2023-04-27 05:09:10.599 [info] Removed views:workbench.debug.breakPointsView,workbench.debug.callStackView,workbench.debug.watchExpressionsView,workbench.debug.variablesView from workbench.view.debug
2023-04-27 05:09:10.605 [info] Added views:workbench.debug.welcome in workbench.view.debug
2023-04-27 05:09:13.885 [info] Added views:gitlens.views.timeline in workbench.view.extension.gitlensPanel
2023-04-27 05:09:13.891 [info] Added views:gitlens.views.worktrees in workbench.view.scm
2023-04-27 05:09:14.214 [info] Removed views:gitlens.views.searchAndCompare,gitlens.views.worktrees,gitlens.views.tags,gitlens.views.stashes,gitlens.views.remotes,gitlens.views.branches,gitlens.views.fileHistory,gitlens.views.commitDetails,gitlens.views.commits from workbench.view.scm
2023-04-27 05:09:14.216 [info] Removed views:gitlens.views.contributors from workbench.view.extension.gitlens
2023-04-27 05:09:14.222 [info] Removed views:gitlens.views.timeline from workbench.view.extension.gitlensPanel
2023-04-27 05:29:47.946 [info] Added views:gitlens.views.timeline in workbench.view.extension.gitlensPanel
2023-04-27 05:29:47.962 [info] Added views:gitlens.views.contributors in workbench.view.extension.gitlens
2023-04-27 05:29:47.979 [info] Added views:gitlens.views.commits,gitlens.views.commitDetails,gitlens.views.fileHistory,gitlens.views.branches,gitlens.views.remotes,gitlens.views.stashes,gitlens.views.tags,gitlens.views.worktrees,gitlens.views.searchAndCompare in workbench.view.scm
