2023-04-17 22:19:35.689 [info] Added views:workbench.panel.markers.view in workbench.panel.markers
2023-04-17 22:19:35.689 [info] Added views:workbench.panel.output in workbench.panel.output
2023-04-17 22:19:35.689 [info] Added views:terminal in terminal
2023-04-17 22:19:35.689 [info] Added views:outline in workbench.view.explorer
2023-04-17 22:19:35.689 [info] Added views:workbench.scm in workbench.view.scm
2023-04-17 22:19:35.689 [info] Added views:workbench.view.search in workbench.view.search
2023-04-17 22:19:35.689 [info] Added views:timeline in workbench.view.explorer
2023-04-17 22:19:35.689 [info] Added views:workbench.explorer.fileView in workbench.view.explorer
2023-04-17 22:19:35.690 [info] Added views:workbench.explorer.openEditorsView in workbench.view.explorer
2023-04-17 22:19:37.019 [info] Added views:workbench.debug.welcome in workbench.view.debug
2023-04-17 22:19:42.086 [info] Added views:gitlens.views.home,gitlens.views.contributors in workbench.view.extension.gitlens
2023-04-17 22:19:42.132 [info] Added views:gitlens.views.commits,gitlens.views.commitDetails,gitlens.views.fileHistory,gitlens.views.branches,gitlens.views.remotes,gitlens.views.stashes,gitlens.views.tags,gitlens.views.searchAndCompare in workbench.view.scm
2023-04-17 22:19:42.143 [info] Added views:dockerContainers,dockerImages,dockerRegistries,dockerNetworks,dockerVolumes,vscode-docker.views.dockerContexts,vscode-docker.views.help in workbench.view.extension.dockerView
2023-04-17 22:19:42.147 [info] Added views:remoteTargets in workbench.view.remote
2023-04-17 22:19:46.499 [info] Added views:workbench.panel.repl.view in workbench.panel.repl
2023-04-17 22:20:04.009 [info] Removed views:gitlens.views.searchAndCompare,gitlens.views.tags,gitlens.views.stashes,gitlens.views.remotes,gitlens.views.branches,gitlens.views.fileHistory,gitlens.views.commitDetails,gitlens.views.commits from workbench.view.scm
2023-04-17 22:20:04.010 [info] Removed views:gitlens.views.contributors from workbench.view.extension.gitlens
2023-04-27 05:29:48.963 [info] Added views:gitlens.views.timeline in workbench.view.extension.gitlensPanel
2023-04-27 05:29:48.966 [info] Added views:gitlens.views.contributors in workbench.view.extension.gitlens
2023-04-27 05:29:48.977 [info] Added views:gitlens.views.commits,gitlens.views.commitDetails,gitlens.views.fileHistory,gitlens.views.branches,gitlens.views.remotes,gitlens.views.stashes,gitlens.views.tags,gitlens.views.worktrees,gitlens.views.searchAndCompare in workbench.view.scm
