2023-03-29 22:01:14.207 [info] Reading sessions from keychain...
2023-03-29 22:01:14.207 [info] Getting sessions for read:user...
2023-03-29 22:01:14.207 [info] Got 0 sessions for read:user...
2023-03-29 22:01:14.210 [info] Getting sessions for user:email...
2023-03-29 22:01:14.210 [info] Got 0 sessions for user:email...
2023-03-29 22:01:14.868 [info] Getting sessions for read:org,user:email...
2023-03-29 22:01:14.868 [info] Got 0 sessions for read:org,user:email...
2023-03-29 22:01:15.224 [info] Getting sessions for all scopes...
2023-03-29 22:01:15.224 [info] Got 0 sessions for ...
2023-03-29 22:01:18.046 [info] Getting sessions for user:email...
2023-03-29 22:01:18.055 [info] Got 0 sessions for user:email...
2023-03-29 22:01:19.356 [info] Getting sessions for all scopes...
2023-03-29 22:01:19.357 [info] Got 0 sessions for ...
2023-03-30 21:17:15.548 [info] Reading sessions from keychain...
2023-03-30 21:17:15.548 [info] Getting sessions for read:org,user:email...
2023-03-30 21:17:15.548 [info] Got 0 sessions for read:org,user:email...
2023-03-30 21:17:15.548 [info] Getting sessions for read:user...
2023-03-30 21:17:15.548 [info] Got 0 sessions for read:user...
2023-03-30 21:17:15.548 [info] Getting sessions for user:email...
2023-03-30 21:17:15.548 [info] Got 0 sessions for user:email...
2023-03-30 21:17:15.548 [info] Getting sessions for user:email...
2023-03-30 21:17:15.548 [info] Got 0 sessions for user:email...
2023-03-30 21:17:15.621 [info] Getting sessions for all scopes...
2023-03-30 21:17:15.621 [info] Got 0 sessions for ...
2023-03-30 21:17:16.132 [info] Getting sessions for all scopes...
2023-03-30 21:17:16.132 [info] Got 0 sessions for ...
2023-04-03 20:57:28.648 [info] Reading sessions from keychain...
2023-04-03 20:57:28.648 [info] Getting sessions for read:org,user:email...
2023-04-03 20:57:28.648 [info] Got 0 sessions for read:org,user:email...
2023-04-03 20:57:28.648 [info] Getting sessions for all scopes...
2023-04-03 20:57:28.648 [info] Got 0 sessions for ...
2023-04-03 20:57:28.648 [info] Getting sessions for read:user...
2023-04-03 20:57:28.648 [info] Got 0 sessions for read:user...
2023-04-03 20:57:28.750 [info] Getting sessions for user:email...
2023-04-03 20:57:28.751 [info] Got 0 sessions for user:email...
2023-04-03 20:57:28.896 [info] Getting sessions for user:email...
2023-04-03 20:57:28.896 [info] Got 0 sessions for user:email...
2023-04-03 20:57:29.395 [info] Getting sessions for all scopes...
2023-04-03 20:57:29.395 [info] Got 0 sessions for ...
2023-04-07 01:19:48.248 [info] Reading sessions from keychain...
2023-04-07 01:19:48.248 [info] Getting sessions for read:org,user:email...
2023-04-07 01:19:48.248 [info] Got 0 sessions for read:org,user:email...
2023-04-07 01:19:50.284 [info] Getting sessions for all scopes...
2023-04-07 01:19:50.284 [info] Got 0 sessions for ...
2023-04-07 01:19:50.353 [info] Getting sessions for user:email...
2023-04-07 01:19:50.353 [info] Got 0 sessions for user:email...
2023-04-07 01:19:50.641 [info] Getting sessions for all scopes...
2023-04-07 01:19:50.642 [info] Got 0 sessions for ...
2023-04-07 01:19:50.922 [info] Getting sessions for read:user...
2023-04-07 01:19:50.925 [info] Got 0 sessions for read:user...
2023-04-07 01:19:51.146 [info] Getting sessions for user:email...
2023-04-07 01:19:51.146 [info] Got 0 sessions for user:email...
2023-04-07 01:19:51.311 [info] Getting sessions for all scopes...
2023-04-07 01:19:51.311 [info] Got 0 sessions for ...
2023-04-11 16:42:05.674 [info] Reading sessions from keychain...
2023-04-11 16:42:05.674 [info] Getting sessions for read:org,user:email...
2023-04-11 16:42:05.674 [info] Got 0 sessions for read:org,user:email...
2023-04-11 16:42:06.040 [info] Getting sessions for all scopes...
2023-04-11 16:42:06.040 [info] Got 0 sessions for ...
2023-04-11 16:42:06.190 [info] Getting sessions for user:email...
2023-04-11 16:42:06.190 [info] Got 0 sessions for user:email...
2023-04-11 16:42:06.191 [info] Getting sessions for read:user...
2023-04-11 16:42:06.191 [info] Got 0 sessions for read:user...
2023-04-11 16:42:07.348 [info] Getting sessions for user:email...
2023-04-11 16:42:07.349 [info] Got 0 sessions for user:email...
2023-04-11 16:42:08.061 [info] Getting sessions for all scopes...
2023-04-11 16:42:08.061 [info] Got 0 sessions for ...
