2023-04-23 22:43:03.863 [info] Added views:workbench.panel.markers.view in workbench.panel.markers
2023-04-23 22:43:03.865 [info] Added views:workbench.panel.output in workbench.panel.output
2023-04-23 22:43:03.865 [info] Added views:terminal in terminal
2023-04-23 22:43:03.865 [info] Added views:outline in workbench.view.explorer
2023-04-23 22:43:03.865 [info] Added views:workbench.scm in workbench.view.scm
2023-04-23 22:43:03.865 [info] Added views:workbench.view.search in workbench.view.search
2023-04-23 22:43:03.865 [info] Added views:timeline in workbench.view.explorer
2023-04-23 22:43:03.865 [info] Added views:workbench.explorer.emptyView in workbench.view.explorer
2023-04-23 22:43:03.865 [info] Added views:workbench.explorer.openEditorsView in workbench.view.explorer
2023-04-23 22:43:05.340 [info] Added views:gitlens.views.home,gitlens.views.contributors in workbench.view.extension.gitlens
2023-04-23 22:43:05.353 [info] Added views:gitlens.views.commits,gitlens.views.commitDetails,gitlens.views.fileHistory,gitlens.views.branches,gitlens.views.remotes,gitlens.views.stashes,gitlens.views.tags,gitlens.views.searchAndCompare in workbench.view.scm
2023-04-23 22:43:05.357 [info] Added views:dockerContainers,dockerImages,dockerRegistries,dockerNetworks,dockerVolumes,vscode-docker.views.dockerContexts,vscode-docker.views.help in workbench.view.extension.dockerView
2023-04-23 22:43:05.358 [info] Added views:remoteTargets in workbench.view.remote
2023-04-23 22:43:06.169 [info] Added views:workbench.debug.variablesView,workbench.debug.watchExpressionsView,workbench.debug.callStackView,workbench.debug.breakPointsView in workbench.view.debug
2023-04-23 22:43:06.747 [info] Added views:workbench.panel.repl.view in workbench.panel.repl
2023-04-23 22:43:06.752 [info] Removed views:workbench.debug.breakPointsView,workbench.debug.callStackView,workbench.debug.watchExpressionsView,workbench.debug.variablesView from workbench.view.debug
2023-04-23 22:43:06.761 [info] Added views:workbench.debug.welcome in workbench.view.debug
2023-04-23 22:43:09.478 [info] Removed views:gitlens.views.searchAndCompare,gitlens.views.tags,gitlens.views.stashes,gitlens.views.remotes,gitlens.views.branches,gitlens.views.fileHistory,gitlens.views.commitDetails,gitlens.views.commits from workbench.view.scm
2023-04-23 22:43:09.481 [info] Removed views:gitlens.views.contributors from workbench.view.extension.gitlens
2023-04-23 22:44:05.114 [info] Added views:workbench.panel.markers.view in workbench.panel.markers
2023-04-23 22:44:05.115 [info] Added views:workbench.panel.output in workbench.panel.output
2023-04-23 22:44:05.115 [info] Added views:terminal in terminal
2023-04-23 22:44:05.115 [info] Added views:outline in workbench.view.explorer
2023-04-23 22:44:05.115 [info] Added views:workbench.scm in workbench.view.scm
2023-04-23 22:44:05.115 [info] Added views:workbench.view.search in workbench.view.search
2023-04-23 22:44:05.115 [info] Added views:timeline in workbench.view.explorer
2023-04-23 22:44:05.115 [info] Added views:workbench.explorer.fileView in workbench.view.explorer
2023-04-23 22:44:05.115 [info] Added views:workbench.explorer.openEditorsView in workbench.view.explorer
2023-04-23 22:44:06.210 [info] Added views:gitlens.views.home,gitlens.views.contributors in workbench.view.extension.gitlens
2023-04-23 22:44:06.217 [info] Added views:gitlens.views.commits,gitlens.views.commitDetails,gitlens.views.fileHistory,gitlens.views.branches,gitlens.views.remotes,gitlens.views.stashes,gitlens.views.tags,gitlens.views.searchAndCompare in workbench.view.scm
2023-04-23 22:44:06.222 [info] Added views:dockerContainers,dockerImages,dockerRegistries,dockerNetworks,dockerVolumes,vscode-docker.views.dockerContexts,vscode-docker.views.help in workbench.view.extension.dockerView
2023-04-23 22:44:06.225 [info] Added views:remoteTargets in workbench.view.remote
2023-04-23 22:44:07.409 [info] Added views:workbench.debug.variablesView,workbench.debug.watchExpressionsView,workbench.debug.callStackView,workbench.debug.breakPointsView in workbench.view.debug
2023-04-23 22:44:07.665 [info] Added views:workbench.panel.repl.view in workbench.panel.repl
2023-04-23 22:44:07.666 [info] Removed views:workbench.debug.breakPointsView,workbench.debug.callStackView,workbench.debug.watchExpressionsView,workbench.debug.variablesView from workbench.view.debug
2023-04-23 22:44:07.666 [info] Added views:workbench.debug.welcome in workbench.view.debug
2023-04-23 22:44:10.848 [info] Added views:gitlens.views.timeline in workbench.view.extension.gitlensPanel
2023-04-23 22:44:10.853 [info] Added views:gitlens.views.worktrees in workbench.view.scm
2023-04-23 22:44:10.974 [info] Removed views:gitlens.views.searchAndCompare,gitlens.views.worktrees,gitlens.views.tags,gitlens.views.stashes,gitlens.views.remotes,gitlens.views.branches,gitlens.views.fileHistory,gitlens.views.commitDetails,gitlens.views.commits from workbench.view.scm
2023-04-23 22:44:10.983 [info] Removed views:gitlens.views.contributors from workbench.view.extension.gitlens
2023-04-23 22:44:10.984 [info] Removed views:gitlens.views.timeline from workbench.view.extension.gitlensPanel
