2023-03-29 21:06:30.680 [info] Reading sessions from keychain...
2023-03-29 21:06:30.680 [info] Getting sessions for read:org,user:email...
2023-03-29 21:06:30.680 [info] Got 0 sessions for read:org,user:email...
2023-03-29 21:06:30.680 [info] Getting sessions for read:user...
2023-03-29 21:06:30.680 [info] Got 0 sessions for read:user...
2023-03-29 21:06:30.680 [info] Getting sessions for user:email...
2023-03-29 21:06:30.680 [info] Got 0 sessions for user:email...
2023-03-29 21:06:30.680 [info] Getting sessions for all scopes...
2023-03-29 21:06:30.680 [info] Got 0 sessions for ...
2023-03-29 21:06:30.680 [info] Getting sessions for user:email...
2023-03-29 21:06:30.680 [info] Got 0 sessions for user:email...
2023-03-29 21:06:31.246 [info] Getting sessions for all scopes...
2023-03-29 21:06:31.250 [info] Got 0 sessions for ...
2023-03-29 21:07:26.442 [info] Reading sessions from keychain...
2023-03-29 21:07:26.442 [info] Getting sessions for read:user...
2023-03-29 21:07:26.442 [info] Getting sessions for read:org,user:email...
2023-03-29 21:07:26.442 [info] Got 0 sessions for read:user...
2023-03-29 21:07:26.442 [info] Got 0 sessions for read:org,user:email...
2023-03-29 21:07:26.442 [info] Getting sessions for all scopes...
2023-03-29 21:07:26.442 [info] Got 0 sessions for ...
2023-03-29 21:07:26.442 [info] Getting sessions for user:email...
2023-03-29 21:07:26.442 [info] Got 0 sessions for user:email...
2023-03-29 21:07:29.019 [info] Getting sessions for user:email...
2023-03-29 21:07:29.019 [info] Got 0 sessions for user:email...
2023-03-29 21:07:29.520 [info] Getting sessions for all scopes...
2023-03-29 21:07:29.521 [info] Got 0 sessions for ...
