2023-04-23 22:43:10.336 [info] Reading sessions from keychain...
2023-04-23 22:43:10.336 [info] Getting sessions for read:org,user:email...
2023-04-23 22:43:10.336 [info] Getting sessions for user:email...
2023-04-23 22:43:10.336 [info] Got 0 sessions for read:org,user:email...
2023-04-23 22:43:10.336 [info] Got 0 sessions for user:email...
2023-04-23 22:43:10.336 [info] Getting sessions for read:user...
2023-04-23 22:43:10.336 [info] Got 0 sessions for read:user...
2023-04-23 22:43:10.336 [info] Getting sessions for all scopes...
2023-04-23 22:43:10.336 [info] Got 0 sessions for ...
2023-04-23 22:43:10.336 [info] Getting sessions for user:email...
2023-04-23 22:43:10.336 [info] Got 0 sessions for user:email...
2023-04-23 22:43:10.572 [info] Getting sessions for all scopes...
2023-04-23 22:43:10.572 [info] Got 0 sessions for ...
2023-04-23 22:44:12.134 [info] Reading sessions from keychain...
2023-04-23 22:44:12.135 [info] Getting sessions for read:org,user:email...
2023-04-23 22:44:12.137 [info] Getting sessions for read:user...
2023-04-23 22:44:12.137 [info] Got 0 sessions for read:org,user:email...
2023-04-23 22:44:12.138 [info] Got 0 sessions for read:user...
2023-04-23 22:44:12.165 [info] Getting sessions for user:email...
2023-04-23 22:44:12.166 [info] Got 0 sessions for user:email...
2023-04-23 22:44:12.404 [info] Getting sessions for all scopes...
2023-04-23 22:44:12.404 [info] Got 0 sessions for ...
2023-04-23 22:44:12.950 [info] Getting sessions for user:email...
2023-04-23 22:44:12.950 [info] Got 0 sessions for user:email...
2023-04-23 22:44:13.784 [info] Getting sessions for all scopes...
2023-04-23 22:44:13.784 [info] Got 0 sessions for ...
