2023-03-26 00:19:32.276 [info] Reading sessions from keychain...
2023-03-26 00:19:32.276 [info] Getting sessions for read:org,user:email...
2023-03-26 00:19:32.276 [info] Getting sessions for user:email...
2023-03-26 00:19:32.276 [info] Getting sessions for read:user...
2023-03-26 00:19:32.276 [info] Got 0 sessions for read:org,user:email...
2023-03-26 00:19:32.276 [info] Got 0 sessions for user:email...
2023-03-26 00:19:32.276 [info] Got 0 sessions for read:user...
2023-03-26 00:19:32.276 [info] Getting sessions for all scopes...
2023-03-26 00:19:32.276 [info] Got 0 sessions for ...
2023-03-26 00:19:32.276 [info] Getting sessions for user:email...
2023-03-26 00:19:32.276 [info] Got 0 sessions for user:email...
2023-03-26 00:19:32.607 [info] Getting sessions for all scopes...
2023-03-26 00:19:32.607 [info] Got 0 sessions for ...
2023-03-26 00:19:47.361 [info] Reading sessions from keychain...
2023-03-26 00:19:47.361 [info] Getting sessions for read:org,user:email...
2023-03-26 00:19:47.361 [info] Getting sessions for user:email...
2023-03-26 00:19:47.361 [info] Getting sessions for read:user...
2023-03-26 00:19:47.361 [info] Got 0 sessions for read:org,user:email...
2023-03-26 00:19:47.362 [info] Got 0 sessions for user:email...
2023-03-26 00:19:47.362 [info] Got 0 sessions for read:user...
2023-03-26 00:19:47.362 [info] Getting sessions for all scopes...
2023-03-26 00:19:47.362 [info] Got 0 sessions for ...
2023-03-26 00:19:47.362 [info] Getting sessions for user:email...
2023-03-26 00:19:47.362 [info] Got 0 sessions for user:email...
2023-03-26 00:19:47.811 [info] Getting sessions for all scopes...
2023-03-26 00:19:47.811 [info] Got 0 sessions for ...
