2023-03-10 01:30:30.953 [info] Log level: Info
2023-03-10 01:30:30.953 [info] Validating found git in: "git"
2023-03-10 01:30:30.953 [info] Using git "2.30.2" from "git"
2023-03-10 01:30:30.983 [info] > git rev-parse --show-toplevel [63ms]
2023-03-10 01:30:30.983 [info] fatal: not a git repository (or any of the parent directories): .git
2023-03-10 01:30:31.059 [info] > git rev-parse --show-toplevel [44ms]
2023-03-10 01:30:31.060 [info] fatal: not a git repository (or any of the parent directories): .git
2023-03-10 01:30:31.108 [info] > git rev-parse --show-toplevel [20ms]
2023-03-10 01:30:31.108 [info] fatal: not a git repository (or any of the parent directories): .git
2023-03-10 01:30:31.136 [info] > git rev-parse --show-toplevel [12ms]
2023-03-10 01:30:31.136 [info] fatal: not a git repository (or any of the parent directories): .git
2023-03-10 01:30:31.173 [info] > git rev-parse --show-toplevel [14ms]
2023-03-10 01:30:31.173 [info] fatal: not a git repository (or any of the parent directories): .git
2023-03-10 01:30:31.204 [info] > git rev-parse --show-toplevel [10ms]
2023-03-10 01:30:31.205 [info] fatal: not a git repository (or any of the parent directories): .git
2023-03-10 01:30:31.242 [info] > git rev-parse --show-toplevel [11ms]
2023-03-10 01:30:31.242 [info] fatal: not a git repository (or any of the parent directories): .git
2023-03-10 01:30:31.323 [info] > git rev-parse --show-toplevel [20ms]
2023-03-10 01:30:31.323 [info] fatal: not a git repository (or any of the parent directories): .git
2023-03-10 01:30:31.374 [info] > git rev-parse --show-toplevel [17ms]
2023-03-10 01:30:31.374 [info] fatal: not a git repository (or any of the parent directories): .git
2023-03-10 01:30:31.420 [info] > git rev-parse --show-toplevel [5ms]
2023-03-10 01:30:31.421 [info] fatal: not a git repository (or any of the parent directories): .git
2023-03-10 01:30:31.456 [info] > git rev-parse --show-toplevel [12ms]
2023-03-10 01:30:31.456 [info] fatal: not a git repository (or any of the parent directories): .git
2023-03-10 01:30:31.491 [info] > git rev-parse --show-toplevel [12ms]
2023-03-10 01:30:31.491 [info] fatal: not a git repository (or any of the parent directories): .git
2023-03-10 01:30:31.522 [info] > git rev-parse --show-toplevel [10ms]
2023-03-10 01:30:31.523 [info] fatal: not a git repository (or any of the parent directories): .git
2023-03-10 01:30:31.548 [info] > git rev-parse --show-toplevel [5ms]
2023-03-10 01:30:31.548 [info] fatal: not a git repository (or any of the parent directories): .git
2023-03-10 01:30:31.596 [info] > git rev-parse --show-toplevel [21ms]
2023-03-10 01:30:31.601 [info] fatal: not a git repository (or any of the parent directories): .git
2023-03-10 01:30:31.637 [info] > git rev-parse --show-toplevel [15ms]
2023-03-10 01:30:31.638 [info] fatal: not a git repository (or any of the parent directories): .git
2023-03-10 01:30:31.667 [info] > git rev-parse --show-toplevel [6ms]
2023-03-10 01:30:31.671 [info] fatal: not a git repository (or any of the parent directories): .git
2023-03-10 01:30:31.694 [info] > git rev-parse --show-toplevel [4ms]
2023-03-10 01:30:31.694 [info] fatal: not a git repository (or any of the parent directories): .git
2023-03-10 01:30:31.734 [info] > git rev-parse --show-toplevel [9ms]
2023-03-10 01:30:31.735 [info] fatal: not a git repository (or any of the parent directories): .git
2023-03-10 01:30:31.768 [info] > git rev-parse --show-toplevel [15ms]
2023-03-10 01:30:31.770 [info] fatal: not a git repository (or any of the parent directories): .git
2023-03-10 01:30:31.798 [info] > git rev-parse --show-toplevel [8ms]
2023-03-10 01:30:31.802 [info] fatal: not a git repository (or any of the parent directories): .git
2023-03-10 01:30:31.881 [info] > git rev-parse --show-toplevel [51ms]
2023-03-10 01:30:31.881 [info] fatal: not a git repository (or any of the parent directories): .git
2023-03-10 01:30:31.925 [info] > git rev-parse --show-toplevel [21ms]
2023-03-10 01:30:31.925 [info] fatal: not a git repository (or any of the parent directories): .git
2023-03-10 01:30:31.960 [info] > git rev-parse --show-toplevel [2ms]
2023-03-10 01:30:31.960 [info] fatal: not a git repository (or any of the parent directories): .git
2023-03-10 01:30:32.008 [info] > git rev-parse --show-toplevel [17ms]
2023-03-10 01:30:32.008 [info] fatal: not a git repository (or any of the parent directories): .git
2023-03-10 01:30:32.048 [info] > git rev-parse --show-toplevel [7ms]
2023-03-10 01:30:32.048 [info] fatal: not a git repository (or any of the parent directories): .git
2023-03-10 01:30:32.079 [info] > git rev-parse --show-toplevel [7ms]
2023-03-10 01:30:32.079 [info] fatal: not a git repository (or any of the parent directories): .git
2023-03-10 01:30:32.118 [info] > git rev-parse --show-toplevel [7ms]
2023-03-10 01:30:32.118 [info] fatal: not a git repository (or any of the parent directories): .git
2023-03-10 01:30:34.314 [info] > git rev-parse --show-toplevel [36ms]
2023-03-10 01:30:34.315 [info] fatal: not a git repository (or any of the parent directories): .git
2023-03-10 01:31:10.071 [info] > git rev-parse --show-toplevel [5ms]
2023-03-10 01:31:10.072 [info] fatal: not a git repository (or any of the parent directories): .git
2023-03-10 01:31:17.370 [info] > git rev-parse --show-toplevel [19ms]
2023-03-10 01:31:17.371 [info] fatal: not a git repository (or any of the parent directories): .git
2023-03-10 01:31:19.541 [info] > git rev-parse --show-toplevel [21ms]
2023-03-10 01:31:19.541 [info] fatal: not a git repository (or any of the parent directories): .git
